# JRE version: OpenJDK Runtime Environment (8.0_152-b01) (build 1.8.0_152-release-915-b01)
# Java VM: OpenJDK 64-Bit Server VM (25.152-b01 mixed mode windows-amd64 compressed oops)
Heap:
 PSYoungGen      total 388608K, used 78137K [0x00000000e0000000, 0x00000000ff180000, 0x0000000100000000)
  eden space 286208K, 15% used [0x00000000e0000000,0x00000000e2a704c0,0x00000000f1780000)
  from space 102400K, 33% used [0x00000000f8d80000,0x00000000faf5e2e0,0x00000000ff180000)
  to   space 111616K, 0% used [0x00000000f1780000,0x00000000f1780000,0x00000000f8480000)
 ParOldGen       total 925184K, used 682587K [0x00000000a0000000, 0x00000000d8780000, 0x00000000e0000000)
  object space 925184K, 73% used [0x00000000a0000000,0x00000000c9a96c78,0x00000000d8780000)
 Metaspace       used 144083K, capacity 155178K, committed 155480K, reserved 1185792K
  class space    used 17083K, capacity 19474K, committed 19584K, reserved 1048576K
GC Heap History (10 events):
Event: 3458.020 GC heap before
{Heap before GC invocations=218 (full 19):
 PSYoungGen      total 387072K, used 365113K [0x00000000e0000000, 0x0000000100000000, 0x0000000100000000)
  eden space 282624K, 100% used [0x00000000e0000000,0x00000000f1400000,0x00000000f1400000)
  from space 104448K, 78% used [0x00000000f9a00000,0x00000000fea8e588,0x0000000100000000)
  to   space 120832K, 0% used [0x00000000f1400000,0x00000000f1400000,0x00000000f8a00000)
 ParOldGen       total 856064K, used 743357K [0x00000000a0000000, 0x00000000d4400000, 0x00000000e0000000)
  object space 856064K, 86% used [0x00000000a0000000,0x00000000cd5ef468,0x00000000d4400000)
 Metaspace       used 139727K, capacity 150776K, committed 150872K, reserved 1181696K
  class space    used 16630K, capacity 19013K, committed 19072K, reserved 1048576K
Event: 3458.354 GC heap after
Heap after GC invocations=218 (full 19):
 PSYoungGen      total 403456K, used 12961K [0x00000000e0000000, 0x0000000100000000, 0x0000000100000000)
  eden space 282624K, 0% used [0x00000000e0000000,0x00000000e0000000,0x00000000f1400000)
  from space 120832K, 10% used [0x00000000f1400000,0x00000000f20a86a0,0x00000000f8a00000)
  to   space 117248K, 0% used [0x00000000f8d80000,0x00000000f8d80000,0x0000000100000000)
 ParOldGen       total 856064K, used 817593K [0x00000000a0000000, 0x00000000d4400000, 0x00000000e0000000)
  object space 856064K, 95% used [0x00000000a0000000,0x00000000d1e6e538,0x00000000d4400000)
 Metaspace       used 139727K, capacity 150776K, committed 150872K, reserved 1181696K
  class space    used 16630K, capacity 19013K, committed 19072K, reserved 1048576K
}
Event: 3458.354 GC heap before
{Heap before GC invocations=219 (full 20):
 PSYoungGen      total 403456K, used 12961K [0x00000000e0000000, 0x0000000100000000, 0x0000000100000000)
  eden space 282624K, 0% used [0x00000000e0000000,0x00000000e0000000,0x00000000f1400000)
  from space 120832K, 10% used [0x00000000f1400000,0x00000000f20a86a0,0x00000000f8a00000)
  to   space 117248K, 0% used [0x00000000f8d80000,0x00000000f8d80000,0x0000000100000000)
 ParOldGen       total 856064K, used 817593K [0x00000000a0000000, 0x00000000d4400000, 0x00000000e0000000)
  object space 856064K, 95% used [0x00000000a0000000,0x00000000d1e6e538,0x00000000d4400000)
 Metaspace       used 139727K, capacity 150776K, committed 150872K, reserved 1181696K
  class space    used 16630K, capacity 19013K, committed 19072K, reserved 1048576K
Event: 3474.679 GC heap after
Heap after GC invocations=219 (full 20):
 PSYoungGen      total 403456K, used 0K [0x00000000e0000000, 0x0000000100000000, 0x0000000100000000)
  eden space 282624K, 0% used [0x00000000e0000000,0x00000000e0000000,0x00000000f1400000)
  from space 120832K, 0% used [0x00000000f1400000,0x00000000f1400000,0x00000000f8a00000)
  to   space 117248K, 0% used [0x00000000f8d80000,0x00000000f8d80000,0x0000000100000000)
 ParOldGen       total 925184K, used 613312K [0x00000000a0000000, 0x00000000d8780000, 0x00000000e0000000)
  object space 925184K, 66% used [0x00000000a0000000,0x00000000c56f0100,0x00000000d8780000)
 Metaspace       used 139516K, capacity 150420K, committed 150872K, reserved 1181696K
  class space    used 16605K, capacity 18943K, committed 19072K, reserved 1048576K
}
Event: 8133.920 GC heap before
{Heap before GC invocations=220 (full 20):
 PSYoungGen      total 403456K, used 282624K [0x00000000e0000000, 0x0000000100000000, 0x0000000100000000)
  eden space 282624K, 100% used [0x00000000e0000000,0x00000000f1400000,0x00000000f1400000)
  from space 120832K, 0% used [0x00000000f1400000,0x00000000f1400000,0x00000000f8a00000)
  to   space 117248K, 0% used [0x00000000f8d80000,0x00000000f8d80000,0x0000000100000000)
 ParOldGen       total 925184K, used 613312K [0x00000000a0000000, 0x00000000d8780000, 0x00000000e0000000)
  object space 925184K, 66% used [0x00000000a0000000,0x00000000c56f0100,0x00000000d8780000)
 Metaspace       used 139632K, capacity 150604K, committed 150872K, reserved 1181696K
  class space    used 16621K, capacity 18993K, committed 19072K, reserved 1048576K
Event: 8139.950 GC heap after
Heap after GC invocations=220 (full 20):
 PSYoungGen      total 388608K, used 26145K [0x00000000e0000000, 0x00000000ff180000, 0x0000000100000000)
  eden space 286208K, 0% used [0x00000000e0000000,0x00000000e0000000,0x00000000f1780000)
  from space 102400K, 25% used [0x00000000f8d80000,0x00000000fa708750,0x00000000ff180000)
  to   space 111616K, 0% used [0x00000000f1780000,0x00000000f1780000,0x00000000f8480000)
 ParOldGen       total 925184K, used 613320K [0x00000000a0000000, 0x00000000d8780000, 0x00000000e0000000)
  object space 925184K, 66% used [0x00000000a0000000,0x00000000c56f2100,0x00000000d8780000)
 Metaspace       used 139632K, capacity 150604K, committed 150872K, reserved 1181696K
  class space    used 16621K, capacity 18993K, committed 19072K, reserved 1048576K
}
Event: 8193.238 GC heap before
{Heap before GC invocations=221 (full 20):
 PSYoungGen      total 388608K, used 312353K [0x00000000e0000000, 0x00000000ff180000, 0x0000000100000000)
  eden space 286208K, 100% used [0x00000000e0000000,0x00000000f1780000,0x00000000f1780000)
  from space 102400K, 25% used [0x00000000f8d80000,0x00000000fa708750,0x00000000ff180000)
  to   space 111616K, 0% used [0x00000000f1780000,0x00000000f1780000,0x00000000f8480000)
 ParOldGen       total 925184K, used 613320K [0x00000000a0000000, 0x00000000d8780000, 0x00000000e0000000)
  object space 925184K, 66% used [0x00000000a0000000,0x00000000c56f2100,0x00000000d8780000)
 Metaspace       used 144080K, capacity 155178K, committed 155480K, reserved 1185792K
  class space    used 17083K, capacity 19474K, committed 19584K, reserved 1048576K
Event: 8197.901 GC heap after
Heap after GC invocations=221 (full 20):
 PSYoungGen      total 397824K, used 96250K [0x00000000e0000000, 0x00000000ff180000, 0x0000000100000000)
  eden space 286208K, 0% used [0x00000000e0000000,0x00000000e0000000,0x00000000f1780000)
  from space 111616K, 86% used [0x00000000f1780000,0x00000000f757e808,0x00000000f8480000)
  to   space 102400K, 0% used [0x00000000f8d80000,0x00000000f8d80000,0x00000000ff180000)
 ParOldGen       total 925184K, used 636447K [0x00000000a0000000, 0x00000000d8780000, 0x00000000e0000000)
  object space 925184K, 68% used [0x00000000a0000000,0x00000000c6d87ef8,0x00000000d8780000)
 Metaspace       used 144080K, capacity 155178K, committed 155480K, reserved 1185792K
  class space    used 17083K, capacity 19474K, committed 19584K, reserved 1048576K
}
Event: 8204.917 GC heap before
{Heap before GC invocations=222 (full 20):
 PSYoungGen      total 397824K, used 382458K [0x00000000e0000000, 0x00000000ff180000, 0x0000000100000000)
  eden space 286208K, 100% used [0x00000000e0000000,0x00000000f1780000,0x00000000f1780000)
  from space 111616K, 86% used [0x00000000f1780000,0x00000000f757e808,0x00000000f8480000)
  to   space 102400K, 0% used [0x00000000f8d80000,0x00000000f8d80000,0x00000000ff180000)
 ParOldGen       total 925184K, used 636447K [0x00000000a0000000, 0x00000000d8780000, 0x00000000e0000000)
  object space 925184K, 68% used [0x00000000a0000000,0x00000000c6d87ef8,0x00000000d8780000)
 Metaspace       used 144083K, capacity 155178K, committed 155480K, reserved 1185792K
  class space    used 17083K, capacity 19474K, committed 19584K, reserved 1048576K
Event: 8207.055 GC heap after
Heap after GC invocations=222 (full 20):
 PSYoungGen      total 388608K, used 34680K [0x00000000e0000000, 0x00000000ff180000, 0x0000000100000000)
  eden space 286208K, 0% used [0x00000000e0000000,0x00000000e0000000,0x00000000f1780000)
  from space 102400K, 33% used [0x00000000f8d80000,0x00000000faf5e2e0,0x00000000ff180000)
  to   space 111616K, 0% used [0x00000000f1780000,0x00000000f1780000,0x00000000f8480000)
 ParOldGen       total 925184K, used 682587K [0x00000000a0000000, 0x00000000d8780000, 0x00000000e0000000)
  object space 925184K, 73% used [0x00000000a0000000,0x00000000c9a96c78,0x00000000d8780000)
 Metaspace       used 144083K, capacity 155178K, committed 155480K, reserved 1185792K
  class space    used 17083K, capacity 19474K, committed 19584K, reserved 1048576K
}

